<?xml version="1.0" encoding="UTF-8"?>
<!-- Generated by org.testng.reporters.JUnitReportReporter -->
<testsuite hostname="DESKTOP-K1L6537" failures="0" tests="1" name="letcodeProject.TestClass.Retrive_data_from_WebTable" time="69.689" errors="0" timestamp="2023-01-23T13:09:54 IST" skipped="0">
  <testcase classname="letcodeProject.TestClass.Retrive_data_from_WebTable" name="retrive_table_data" time="69.689"/>
  <system-out/>
</testsuite> <!-- letcodeProject.TestClass.Retrive_data_from_WebTable -->
