<?xml version="1.0" encoding="UTF-8"?>
<!-- Generated by org.testng.reporters.JUnitReportReporter -->
<testsuite hostname="DESKTOP-K1L6537" failures="0" tests="2" name="letcodeProject.TestClass.Validate_prompt_alert" time="68.463" errors="0" timestamp="2023-01-18T16:47:30 IST" skipped="0">
  <testcase classname="letcodeProject.TestClass.Validate_prompt_alert" name="check_prompt_alert" time="24.708"/>
  <system-out/>
  <testcase classname="letcodeProject.TestClass.Validate_prompt_alert" name="check_prompt_alert" time="43.755"/>
  <system-out/>
</testsuite> <!-- letcodeProject.TestClass.Validate_prompt_alert -->
