<?xml version="1.0" encoding="UTF-8"?>
<!-- Generated by org.testng.reporters.JUnitReportReporter -->
<testsuite hostname="DESKTOP-K1L6537" failures="0" tests="2" name="letcodeProject.TestClass.validate_input_text" time="98.859" errors="0" timestamp="2023-01-17T15:30:10 IST" skipped="0">
  <testcase classname="letcodeProject.TestClass.validate_input_text" name="is_input_text_visible" time="37.727"/>
  <system-out/>
  <testcase classname="letcodeProject.TestClass.validate_input_text" name="is_input_text_visible" time="61.132"/>
  <system-out/>
</testsuite> <!-- letcodeProject.TestClass.validate_input_text -->
