<?xml version="1.0" encoding="UTF-8"?>
<!-- Generated by org.testng.reporters.JUnitReportReporter -->
<testsuite hostname="DESKTOP-K1L6537" failures="0" tests="2" name="letcodeProject.TestClass.validate_click_dropdown" time="138.441" errors="0" timestamp="2023-01-17T17:23:13 IST" skipped="0">
  <testcase classname="letcodeProject.TestClass.validate_click_dropdown" name="click_dropdown" time="44.750"/>
  <system-out/>
  <testcase classname="letcodeProject.TestClass.validate_click_dropdown" name="click_dropdown" time="93.691"/>
  <system-out/>
</testsuite> <!-- letcodeProject.TestClass.validate_click_dropdown -->
