<?xml version="1.0" encoding="UTF-8"?>
<!-- Generated by org.testng.reporters.JUnitReportReporter -->
<testsuite hostname="DESKTOP-K1L6537" failures="0" tests="2" name="letcodeProject.TestClass.Validate_Url" time="353.179" errors="0" timestamp="2023-01-17T13:50:41 IST" skipped="0">
  <testcase classname="letcodeProject.TestClass.Validate_Url" name="validate_URL_Functionality" time="165.123"/>
  <system-out/>
  <testcase classname="letcodeProject.TestClass.Validate_Url" name="validate_URL_Functionality" time="188.056"/>
  <system-out/>
</testsuite> <!-- letcodeProject.TestClass.Validate_Url -->
