<?xml version="1.0" encoding="UTF-8"?>
<!-- Generated by org.testng.reporters.JUnitReportReporter -->
<testsuite hostname="DESKTOP-K1L6537" failures="0" tests="2" name="letcodeProject.TestClass.validate_multiple_selection" time="99.463" errors="0" timestamp="2023-01-18T12:06:00 IST" skipped="0">
  <testcase classname="letcodeProject.TestClass.validate_multiple_selection" name="check_multiple_selection" time="61.516"/>
  <system-out/>
  <testcase classname="letcodeProject.TestClass.validate_multiple_selection" name="check_multiple_selection" time="37.947"/>
  <system-out/>
</testsuite> <!-- letcodeProject.TestClass.validate_multiple_selection -->
