<?xml version="1.0" encoding="UTF-8"?>
<!-- Generated by org.testng.reporters.JUnitReportReporter -->
<testsuite hostname="DESKTOP-K1L6537" failures="0" tests="2" name="letcodeProject.TestClass.Validate_default_option_selected_in_dropdown" time="127.795" errors="0" timestamp="2023-01-18T11:11:16 IST" skipped="0">
  <testcase classname="letcodeProject.TestClass.Validate_default_option_selected_in_dropdown" name="check_default_option_selected_in_dropdown" time="60.551"/>
  <system-out/>
  <testcase classname="letcodeProject.TestClass.Validate_default_option_selected_in_dropdown" name="check_default_option_selected_in_dropdown" time="67.244"/>
  <system-out/>
</testsuite> <!-- letcodeProject.TestClass.Validate_default_option_selected_in_dropdown -->
