<?xml version="1.0" encoding="UTF-8"?>
<!-- Generated by org.testng.reporters.JUnitReportReporter -->
<testsuite hostname="DESKTOP-K1L6537" failures="0" tests="4" name="letcodeProject.TestClass.LoginDataUsingDataProvider" time="243.061" errors="0" timestamp="2023-01-19T14:15:04 IST" skipped="0">
  <testcase classname="letcodeProject.TestClass.LoginDataUsingDataProvider" name="check_login_details_using_dataprovider" time="40.165"/>
  <system-out/>
  <testcase classname="letcodeProject.TestClass.LoginDataUsingDataProvider" name="check_login_details_using_dataprovider" time="64.534"/>
  <system-out/>
  <testcase classname="letcodeProject.TestClass.LoginDataUsingDataProvider" name="check_login_details_using_dataprovider" time="73.041"/>
  <system-out/>
  <testcase classname="letcodeProject.TestClass.LoginDataUsingDataProvider" name="check_login_details_using_dataprovider" time="65.321"/>
  <system-out/>
</testsuite> <!-- letcodeProject.TestClass.LoginDataUsingDataProvider -->
