<?xml version="1.0" encoding="UTF-8"?>
<!-- Generated by org.testng.reporters.JUnitReportReporter -->
<testsuite hostname="DESKTOP-K1L6537" failures="0" tests="1" name="letcodeProject.TestClass.Validate_confirm_alert" time="28.684" errors="0" timestamp="2023-01-23T16:28:49 IST" skipped="0">
  <testcase classname="letcodeProject.TestClass.Validate_confirm_alert" name="check_confirm_alert" time="28.684"/>
  <system-out/>
</testsuite> <!-- letcodeProject.TestClass.Validate_confirm_alert -->
