<?xml version="1.0" encoding="UTF-8"?>
<!-- Generated by org.testng.reporters.JUnitReportReporter -->
<testsuite hostname="DESKTOP-K1L6537" failures="0" tests="1" name="letcodeProject.TestClass.Validate_Slider" time="26.380" errors="0" timestamp="2023-01-29T13:24:36 IST" skipped="0">
  <testcase classname="letcodeProject.TestClass.Validate_Slider" name="move_slider" time="26.380"/>
  <system-out/>
</testsuite> <!-- letcodeProject.TestClass.Validate_Slider -->
