<?xml version="1.0" encoding="UTF-8"?>
<!-- Generated by org.testng.reporters.JUnitReportReporter -->
<testsuite hostname="DESKTOP-K1L6537" failures="0" tests="2" name="letcodeProject.TestClass.validate_input_img" time="115.134" errors="0" timestamp="2023-01-17T16:07:53 IST" skipped="0">
  <testcase classname="letcodeProject.TestClass.validate_input_img" name="validate_input_img_present" time="73.089"/>
  <system-out/>
  <testcase classname="letcodeProject.TestClass.validate_input_img" name="validate_input_img_present" time="42.045"/>
  <system-out/>
</testsuite> <!-- letcodeProject.TestClass.validate_input_img -->
