<?xml version="1.0" encoding="UTF-8"?>
<!-- Generated by org.testng.reporters.JUnitReportReporter -->
<testsuite hostname="DESKTOP-K1L6537" failures="0" tests="2" name="letcodeProject.TestClass.validate_single_selection_in_dropdown" time="98.831" errors="0" timestamp="2023-01-18T11:44:12 IST" skipped="0">
  <testcase classname="letcodeProject.TestClass.validate_single_selection_in_dropdown" name="to_check_single_selection" time="63.775"/>
  <system-out/>
  <testcase classname="letcodeProject.TestClass.validate_single_selection_in_dropdown" name="to_check_single_selection" time="35.056"/>
  <system-out/>
</testsuite> <!-- letcodeProject.TestClass.validate_single_selection_in_dropdown -->
