<?xml version="1.0" encoding="UTF-8"?>
<!-- Generated by org.testng.reporters.JUnitReportReporter -->
<testsuite hostname="DESKTOP-K1L6537" failures="0" tests="2" name="letcodeProject.TestClass.validate_options_count_of_dropdown" time="194.929" errors="0" timestamp="2023-01-18T11:25:16 IST" skipped="0">
  <testcase classname="letcodeProject.TestClass.validate_options_count_of_dropdown" name="check_options_count" time="78.369"/>
  <system-out/>
  <testcase classname="letcodeProject.TestClass.validate_options_count_of_dropdown" name="check_options_count" time="116.560"/>
  <system-out/>
</testsuite> <!-- letcodeProject.TestClass.validate_options_count_of_dropdown -->
