<?xml version="1.0" encoding="UTF-8"?>
<!-- Generated by org.testng.reporters.JUnitReportReporter -->
<testsuite hostname="DESKTOP-K1L6537" failures="0" tests="1" name="letcodeProject.TestClass.Validate_WebTable" time="26.019" errors="0" timestamp="2023-01-22T17:07:09 IST" skipped="0">
  <testcase classname="letcodeProject.TestClass.Validate_WebTable" name="add_prices_from_webtable" time="26.019"/>
  <system-out/>
</testsuite> <!-- letcodeProject.TestClass.Validate_WebTable -->
