<?xml version="1.0" encoding="UTF-8"?>
<!-- Generated by org.testng.reporters.JUnitReportReporter -->
<testsuite hostname="DESKTOP-K1L6537" failures="0" tests="4" name="letcodeProject.TestClass.Dataprovider_Excel_correct_code" time="174.765" errors="0" timestamp="2023-01-22T11:19:25 IST" skipped="0">
  <testcase classname="letcodeProject.TestClass.Dataprovider_Excel_correct_code" name="data_from_Excel" time="48.800"/>
  <system-out/>
  <testcase classname="letcodeProject.TestClass.Dataprovider_Excel_correct_code" name="data_from_Excel" time="35.365"/>
  <system-out/>
  <testcase classname="letcodeProject.TestClass.Dataprovider_Excel_correct_code" name="data_from_Excel" time="43.565"/>
  <system-out/>
  <testcase classname="letcodeProject.TestClass.Dataprovider_Excel_correct_code" name="data_from_Excel" time="47.035"/>
  <system-out/>
</testsuite> <!-- letcodeProject.TestClass.Dataprovider_Excel_correct_code -->
