<?xml version="1.0" encoding="UTF-8"?>
<!-- Generated by org.testng.reporters.JUnitReportReporter -->
<testsuite hostname="DESKTOP-K1L6537" failures="0" tests="2" name="letcodeProject.TestClass.validate_popuptext_after_selection" time="139.479" errors="0" timestamp="2023-01-18T15:17:53 IST" skipped="0">
  <testcase classname="letcodeProject.TestClass.validate_popuptext_after_selection" name="check_popup_text" time="48.859"/>
  <system-out/>
  <testcase classname="letcodeProject.TestClass.validate_popuptext_after_selection" name="check_popup_text" time="90.620"/>
  <system-out/>
</testsuite> <!-- letcodeProject.TestClass.validate_popuptext_after_selection -->
